<?xml version="1.0" encoding="UTF-8"?>
<!-- Generated by org.testng.reporters.JUnitReportReporter -->
<testsuite skipped="0" hostname="CJ" name="com.webtest.demo.CxjTest" tests="50" failures="0" timestamp="2020-12-07T08:53:32 CST" time="654.332" errors="2">
  <testcase name="test1" time="47.239" classname="com.webtest.demo.CxjTest"/>
  <system-out/>
  <testcase name="test2" time="35.030" classname="com.webtest.demo.CxjTest"/>
  <system-out/>
  <testcase name="test3" time="28.477" classname="com.webtest.demo.CxjTest"/>
  <system-out/>
  <testcase name="test4" time="28.734" classname="com.webtest.demo.CxjTest"/>
  <system-out/>
  <testcase name="test5" time="9.643" classname="com.webtest.demo.CxjTest"/>
  <system-out/>
  <testcase name="test6" time="12.786" classname="com.webtest.demo.CxjTest"/>
  <system-out/>
  <testcase name="test7" time="9.585" classname="com.webtest.demo.CxjTest"/>
  <system-out/>
  <testcase name="test8" time="31.405" classname="com.webtest.demo.CxjTest"/>
  <system-out/>
  <testcase name="test9" time="9.508" classname="com.webtest.demo.CxjTest"/>
  <system-out/>
  <testcase name="test10" time="19.287" classname="com.webtest.demo.CxjTest"/>
  <system-out/>
  <testcase name="test11" time="9.612" classname="com.webtest.demo.CxjTest"/>
  <system-out/>
  <testcase name="test12" time="6.254" classname="com.webtest.demo.CxjTest"/>
  <system-out/>
  <testcase name="test13" time="6.248" classname="com.webtest.demo.CxjTest"/>
  <system-out/>
  <testcase name="test14" time="6.272" classname="com.webtest.demo.CxjTest"/>
  <system-out/>
  <testcase name="test15" time="6.317" classname="com.webtest.demo.CxjTest"/>
  <system-out/>
  <testcase name="test16" time="6.270" classname="com.webtest.demo.CxjTest"/>
  <system-out/>
  <testcase name="test17" time="6.283" classname="com.webtest.demo.CxjTest"/>
  <system-out/>
  <testcase name="test18" time="28.647" classname="com.webtest.demo.CxjTest"/>
  <system-out/>
  <testcase name="test19" time="6.561" classname="com.webtest.demo.CxjTest"/>
  <system-out/>
  <testcase name="test20" time="6.537" classname="com.webtest.demo.CxjTest"/>
  <system-out/>
  <testcase name="test21" time="12.801" classname="com.webtest.demo.CxjTest"/>
  <system-out/>
  <testcase name="test22" time="9.520" classname="com.webtest.demo.CxjTest"/>
  <system-out/>
  <testcase name="test23" time="6.268" classname="com.webtest.demo.CxjTest"/>
  <system-out/>
  <testcase name="test24" time="3.235" classname="com.webtest.demo.CxjTest"/>
  <system-out/>
  <testcase name="test25" time="12.862" classname="com.webtest.demo.CxjTest"/>
  <system-out/>
  <testcase name="test26" time="47.705" classname="com.webtest.demo.CxjTest"/>
  <system-out/>
  <testcase name="test27" time="41.352" classname="com.webtest.demo.CxjTest"/>
  <system-out/>
  <testcase name="test28" time="7.480" classname="com.webtest.demo.CxjTest"/>
  <system-out/>
  <testcase name="test29" time="21.190" classname="com.webtest.demo.CxjTest"/>
  <system-out/>
  <testcase name="test30" time="5.256" classname="com.webtest.demo.CxjTest"/>
  <system-out/>
  <testcase name="test31" time="0.028" classname="com.webtest.demo.CxjTest">
    <error type="org.openqa.selenium.ElementNotInteractableException" message="Element &lt;a class=&quot;layui-layer-ico layui-layer-max&quot; href=&quot;javascript:;&quot;&gt; could not be scrolled into view
Build info: version: &#039;3.141.59&#039;, revision: &#039;e82be7d358&#039;, time: &#039;2018-11-14T08:25:53&#039;
System info: host: &#039;CJ&#039;, ip: &#039;10.7.86.6&#039;, os.name: &#039;Windows 10&#039;, os.arch: &#039;amd64&#039;, os.version: &#039;10.0&#039;, java.version: &#039;1.8.0_212&#039;
Driver info: org.openqa.selenium.firefox.FirefoxDriver
Capabilities {acceptInsecureCerts: true, browserName: firefox, browserVersion: 73.0.1, javascriptEnabled: true, moz:accessibilityChecks: false, moz:buildID: 20200217142647, moz:geckodriverVersion: 0.24.0, moz:headless: false, moz:processID: 9964, moz:profile: C:\Users\lenovo\AppData\Loc..., moz:shutdownTimeout: 60000, moz:useNonSpecCompliantPointerOrigin: false, moz:webdriverClick: true, pageLoadStrategy: normal, platform: WINDOWS, platformName: WINDOWS, platformVersion: 10.0, rotatable: false, setWindowRect: true, strictFileInteractability: false, timeouts: {implicit: 0, pageLoad: 300000, script: 30000}, unhandledPromptBehavior: dismiss and notify}
Session ID: adea4afb-1e31-4e93-8e45-e7247d95f59f">
      <![CDATA[org.openqa.selenium.ElementNotInteractableException: Element <a class="layui-layer-ico layui-layer-max" href="javascript:;"> could not be scrolled into view
Build info: version: '3.141.59', revision: 'e82be7d358', time: '2018-11-14T08:25:53'
System info: host: 'CJ', ip: '10.7.86.6', os.name: 'Windows 10', os.arch: 'amd64', os.version: '10.0', java.version: '1.8.0_212'
Driver info: org.openqa.selenium.firefox.FirefoxDriver
Capabilities {acceptInsecureCerts: true, browserName: firefox, browserVersion: 73.0.1, javascriptEnabled: true, moz:accessibilityChecks: false, moz:buildID: 20200217142647, moz:geckodriverVersion: 0.24.0, moz:headless: false, moz:processID: 9964, moz:profile: C:\Users\lenovo\AppData\Loc..., moz:shutdownTimeout: 60000, moz:useNonSpecCompliantPointerOrigin: false, moz:webdriverClick: true, pageLoadStrategy: normal, platform: WINDOWS, platformName: WINDOWS, platformVersion: 10.0, rotatable: false, setWindowRect: true, strictFileInteractability: false, timeouts: {implicit: 0, pageLoad: 300000, script: 30000}, unhandledPromptBehavior: dismiss and notify}
Session ID: adea4afb-1e31-4e93-8e45-e7247d95f59f
at sun.reflect.NativeConstructorAccessorImpl.newInstance0(Native Method)
at sun.reflect.NativeConstructorAccessorImpl.newInstance(NativeConstructorAccessorImpl.java:62)
at sun.reflect.DelegatingConstructorAccessorImpl.newInstance(DelegatingConstructorAccessorImpl.java:45)
at java.lang.reflect.Constructor.newInstance(Constructor.java:423)
at org.openqa.selenium.remote.http.W3CHttpResponseCodec.createException(W3CHttpResponseCodec.java:187)
at org.openqa.selenium.remote.http.W3CHttpResponseCodec.decode(W3CHttpResponseCodec.java:122)
at org.openqa.selenium.remote.http.W3CHttpResponseCodec.decode(W3CHttpResponseCodec.java:49)
at org.openqa.selenium.remote.HttpCommandExecutor.execute(HttpCommandExecutor.java:158)
at org.openqa.selenium.remote.service.DriverCommandExecutor.execute(DriverCommandExecutor.java:83)
at org.openqa.selenium.remote.RemoteWebDriver.execute(RemoteWebDriver.java:552)
at org.openqa.selenium.remote.RemoteWebElement.execute(RemoteWebElement.java:285)
at org.openqa.selenium.remote.RemoteWebElement.click(RemoteWebElement.java:84)
at com.webtest.core.WebDriverEngine.click(Unknown Source)
at com.webtest.demo.CxjTest.test31(Unknown Source)
at sun.reflect.NativeMethodAccessorImpl.invoke0(Native Method)
at sun.reflect.NativeMethodAccessorImpl.invoke(NativeMethodAccessorImpl.java:62)
at sun.reflect.DelegatingMethodAccessorImpl.invoke(DelegatingMethodAccessorImpl.java:43)
at java.lang.reflect.Method.invoke(Method.java:498)
at org.testng.internal.MethodInvocationHelper.invokeMethod(MethodInvocationHelper.java:134)
at org.testng.internal.TestInvoker.invokeMethod(TestInvoker.java:597)
at org.testng.internal.TestInvoker.invokeTestMethod(TestInvoker.java:173)
at org.testng.internal.MethodRunner.runInSequence(MethodRunner.java:46)
at org.testng.internal.TestInvoker$MethodInvocationAgent.invoke(TestInvoker.java:816)
at org.testng.internal.TestInvoker.invokeTestMethods(TestInvoker.java:146)
at org.testng.internal.TestMethodWorker.invokeTestMethods(TestMethodWorker.java:146)
at org.testng.internal.TestMethodWorker.run(TestMethodWorker.java:128)
at java.util.ArrayList.forEach(ArrayList.java:1257)
at org.testng.TestRunner.privateRun(TestRunner.java:766)
at org.testng.TestRunner.run(TestRunner.java:587)
at org.testng.SuiteRunner.runTest(SuiteRunner.java:384)
at org.testng.SuiteRunner.runSequentially(SuiteRunner.java:378)
at org.testng.SuiteRunner.privateRun(SuiteRunner.java:337)
at org.testng.SuiteRunner.run(SuiteRunner.java:286)
at org.testng.SuiteRunnerWorker.runSuite(SuiteRunnerWorker.java:53)
at org.testng.SuiteRunnerWorker.run(SuiteRunnerWorker.java:96)
at org.testng.TestNG.runSuitesSequentially(TestNG.java:1187)
at org.testng.TestNG.runSuitesLocally(TestNG.java:1109)
at org.testng.TestNG.runSuites(TestNG.java:1039)
at org.testng.TestNG.run(TestNG.java:1007)
at org.testng.TestNG.privateMain(TestNG.java:1336)
at org.testng.TestNG.main(TestNG.java:1304)
]]>
    </error>
  </testcase> <!-- test31 -->
  <system-out/>
  <testcase name="test32" time="2.027" classname="com.webtest.demo.CxjTest"/>
  <system-out/>
  <testcase name="test33" time="0.016" classname="com.webtest.demo.CxjTest">
    <error type="org.openqa.selenium.ElementNotInteractableException" message="Element &lt;a class=&quot;layui-layer-ico layui-layer-close layui-layer-close1&quot; href=&quot;javascript:;&quot;&gt; could not be scrolled into view
Build info: version: &#039;3.141.59&#039;, revision: &#039;e82be7d358&#039;, time: &#039;2018-11-14T08:25:53&#039;
System info: host: &#039;CJ&#039;, ip: &#039;10.7.86.6&#039;, os.name: &#039;Windows 10&#039;, os.arch: &#039;amd64&#039;, os.version: &#039;10.0&#039;, java.version: &#039;1.8.0_212&#039;
Driver info: org.openqa.selenium.firefox.FirefoxDriver
Capabilities {acceptInsecureCerts: true, browserName: firefox, browserVersion: 73.0.1, javascriptEnabled: true, moz:accessibilityChecks: false, moz:buildID: 20200217142647, moz:geckodriverVersion: 0.24.0, moz:headless: false, moz:processID: 9964, moz:profile: C:\Users\lenovo\AppData\Loc..., moz:shutdownTimeout: 60000, moz:useNonSpecCompliantPointerOrigin: false, moz:webdriverClick: true, pageLoadStrategy: normal, platform: WINDOWS, platformName: WINDOWS, platformVersion: 10.0, rotatable: false, setWindowRect: true, strictFileInteractability: false, timeouts: {implicit: 0, pageLoad: 300000, script: 30000}, unhandledPromptBehavior: dismiss and notify}
Session ID: adea4afb-1e31-4e93-8e45-e7247d95f59f">
      <![CDATA[org.openqa.selenium.ElementNotInteractableException: Element <a class="layui-layer-ico layui-layer-close layui-layer-close1" href="javascript:;"> could not be scrolled into view
Build info: version: '3.141.59', revision: 'e82be7d358', time: '2018-11-14T08:25:53'
System info: host: 'CJ', ip: '10.7.86.6', os.name: 'Windows 10', os.arch: 'amd64', os.version: '10.0', java.version: '1.8.0_212'
Driver info: org.openqa.selenium.firefox.FirefoxDriver
Capabilities {acceptInsecureCerts: true, browserName: firefox, browserVersion: 73.0.1, javascriptEnabled: true, moz:accessibilityChecks: false, moz:buildID: 20200217142647, moz:geckodriverVersion: 0.24.0, moz:headless: false, moz:processID: 9964, moz:profile: C:\Users\lenovo\AppData\Loc..., moz:shutdownTimeout: 60000, moz:useNonSpecCompliantPointerOrigin: false, moz:webdriverClick: true, pageLoadStrategy: normal, platform: WINDOWS, platformName: WINDOWS, platformVersion: 10.0, rotatable: false, setWindowRect: true, strictFileInteractability: false, timeouts: {implicit: 0, pageLoad: 300000, script: 30000}, unhandledPromptBehavior: dismiss and notify}
Session ID: adea4afb-1e31-4e93-8e45-e7247d95f59f
at sun.reflect.NativeConstructorAccessorImpl.newInstance0(Native Method)
at sun.reflect.NativeConstructorAccessorImpl.newInstance(NativeConstructorAccessorImpl.java:62)
at sun.reflect.DelegatingConstructorAccessorImpl.newInstance(DelegatingConstructorAccessorImpl.java:45)
at java.lang.reflect.Constructor.newInstance(Constructor.java:423)
at org.openqa.selenium.remote.http.W3CHttpResponseCodec.createException(W3CHttpResponseCodec.java:187)
at org.openqa.selenium.remote.http.W3CHttpResponseCodec.decode(W3CHttpResponseCodec.java:122)
at org.openqa.selenium.remote.http.W3CHttpResponseCodec.decode(W3CHttpResponseCodec.java:49)
at org.openqa.selenium.remote.HttpCommandExecutor.execute(HttpCommandExecutor.java:158)
at org.openqa.selenium.remote.service.DriverCommandExecutor.execute(DriverCommandExecutor.java:83)
at org.openqa.selenium.remote.RemoteWebDriver.execute(RemoteWebDriver.java:552)
at org.openqa.selenium.remote.RemoteWebElement.execute(RemoteWebElement.java:285)
at org.openqa.selenium.remote.RemoteWebElement.click(RemoteWebElement.java:84)
at com.webtest.core.WebDriverEngine.click(Unknown Source)
at com.webtest.demo.CxjTest.test33(Unknown Source)
at sun.reflect.NativeMethodAccessorImpl.invoke0(Native Method)
at sun.reflect.NativeMethodAccessorImpl.invoke(NativeMethodAccessorImpl.java:62)
at sun.reflect.DelegatingMethodAccessorImpl.invoke(DelegatingMethodAccessorImpl.java:43)
at java.lang.reflect.Method.invoke(Method.java:498)
at org.testng.internal.MethodInvocationHelper.invokeMethod(MethodInvocationHelper.java:134)
at org.testng.internal.TestInvoker.invokeMethod(TestInvoker.java:597)
at org.testng.internal.TestInvoker.invokeTestMethod(TestInvoker.java:173)
at org.testng.internal.MethodRunner.runInSequence(MethodRunner.java:46)
at org.testng.internal.TestInvoker$MethodInvocationAgent.invoke(TestInvoker.java:816)
at org.testng.internal.TestInvoker.invokeTestMethods(TestInvoker.java:146)
at org.testng.internal.TestMethodWorker.invokeTestMethods(TestMethodWorker.java:146)
at org.testng.internal.TestMethodWorker.run(TestMethodWorker.java:128)
at java.util.ArrayList.forEach(ArrayList.java:1257)
at org.testng.TestRunner.privateRun(TestRunner.java:766)
at org.testng.TestRunner.run(TestRunner.java:587)
at org.testng.SuiteRunner.runTest(SuiteRunner.java:384)
at org.testng.SuiteRunner.runSequentially(SuiteRunner.java:378)
at org.testng.SuiteRunner.privateRun(SuiteRunner.java:337)
at org.testng.SuiteRunner.run(SuiteRunner.java:286)
at org.testng.SuiteRunnerWorker.runSuite(SuiteRunnerWorker.java:53)
at org.testng.SuiteRunnerWorker.run(SuiteRunnerWorker.java:96)
at org.testng.TestNG.runSuitesSequentially(TestNG.java:1187)
at org.testng.TestNG.runSuitesLocally(TestNG.java:1109)
at org.testng.TestNG.runSuites(TestNG.java:1039)
at org.testng.TestNG.run(TestNG.java:1007)
at org.testng.TestNG.privateMain(TestNG.java:1336)
at org.testng.TestNG.main(TestNG.java:1304)
]]>
    </error>
  </testcase> <!-- test33 -->
  <system-out/>
  <testcase name="test34" time="12.953" classname="com.webtest.demo.CxjTest"/>
  <system-out/>
  <testcase name="test35" time="13.489" classname="com.webtest.demo.CxjTest"/>
  <system-out/>
  <testcase name="test36" time="6.520" classname="com.webtest.demo.CxjTest"/>
  <system-out/>
  <testcase name="test37" time="9.614" classname="com.webtest.demo.CxjTest"/>
  <system-out/>
  <testcase name="test38" time="6.607" classname="com.webtest.demo.CxjTest"/>
  <system-out/>
  <testcase name="test39" time="18.899" classname="com.webtest.demo.CxjTest"/>
  <system-out/>
  <testcase name="test40" time="9.594" classname="com.webtest.demo.CxjTest"/>
  <system-out/>
  <testcase name="test41" time="6.548" classname="com.webtest.demo.CxjTest"/>
  <system-out/>
  <testcase name="test42" time="6.282" classname="com.webtest.demo.CxjTest"/>
  <system-out/>
  <testcase name="test43" time="14.494" classname="com.webtest.demo.CxjTest"/>
  <system-out/>
  <testcase name="test44" time="14.675" classname="com.webtest.demo.CxjTest"/>
  <system-out/>
  <testcase name="test45" time="11.410" classname="com.webtest.demo.CxjTest"/>
  <system-out/>
  <testcase name="test46" time="16.075" classname="com.webtest.demo.CxjTest"/>
  <system-out/>
  <testcase name="test47" time="3.161" classname="com.webtest.demo.CxjTest"/>
  <system-out/>
  <testcase name="test48" time="4.121" classname="com.webtest.demo.CxjTest"/>
  <system-out/>
  <testcase name="test49" time="6.230" classname="com.webtest.demo.CxjTest"/>
  <system-out/>
  <testcase name="test50" time="3.225" classname="com.webtest.demo.CxjTest"/>
  <system-out/>
</testsuite> <!-- com.webtest.demo.CxjTest -->
