<?xml version="1.0" encoding="UTF-8"?>
<testsuite name="t2"
           tests="16"
           failures="2"
           errors="0"
           skipped="14"
           time="-1606963314.971">
  <properties />
            <testcase name="doBeforeClass" time="5.997" classname="com.webtest.demo.TpShopTest01">
                <failure type="org.openqa.selenium.WebDriverException"
                  message="permission denied
Build info: version: &apos;3.141.59&apos;, revision: &apos;e82be7d358&apos;, time: &apos;2018-11-14T08:25:53&apos;
System info: host: &apos;LAPTOP-K903MU1U&apos;, ip: &apos;192.168.57.1&apos;, os.name: &apos;Windows 10&apos;, os.arch: &apos;amd64&apos;, os.version: &apos;10.0&apos;, java.version: &apos;1.8.0_171&apos;
Driver info: driver.version: FirefoxDriver
remote stacktrace: "
              >
<![CDATA[org.openqa.selenium.WebDriverException: permission denied
Build info: version: '3.141.59', revision: 'e82be7d358', time: '2018-11-14T08:25:53'
System info: host: 'LAPTOP-K903MU1U', ip: '192.168.57.1', os.name: 'Windows 10', os.arch: 'amd64', os.version: '10.0', java.version: '1.8.0_171'
Driver info: driver.version: FirefoxDriver
remote stacktrace: 
  sun.reflect.NativeConstructorAccessorImpl.newInstance0(Native Method)
  sun.reflect.NativeConstructorAccessorImpl.newInstance(Unknown Source)
  sun.reflect.DelegatingConstructorAccessorImpl.newInstance(Unknown Source)
  java.lang.reflect.Constructor.newInstance(Unknown Source)
  org.openqa.selenium.remote.W3CHandshakeResponse.lambda$errorHandler$0(W3CHandshakeResponse.java:62)
  org.openqa.selenium.remote.HandshakeResponse.lambda$getResponseFunction$0(HandshakeResponse.java:30)
  org.openqa.selenium.remote.ProtocolHandshake.lambda$createSession$0(ProtocolHandshake.java:126)
  java.util.stream.ReferencePipeline$3$1.accept(Unknown Source)
  java.util.Spliterators$ArraySpliterator.tryAdvance(Unknown Source)
  java.util.stream.ReferencePipeline.forEachWithCancel(Unknown Source)
  java.util.stream.AbstractPipeline.copyIntoWithCancel(Unknown Source)
  java.util.stream.AbstractPipeline.copyInto(Unknown Source)
  java.util.stream.AbstractPipeline.wrapAndCopyInto(Unknown Source)
  java.util.stream.FindOps$FindOp.evaluateSequential(Unknown Source)
  java.util.stream.AbstractPipeline.evaluate(Unknown Source)
  java.util.stream.ReferencePipeline.findFirst(Unknown Source)
  org.openqa.selenium.remote.ProtocolHandshake.createSession(ProtocolHandshake.java:128)
  org.openqa.selenium.remote.ProtocolHandshake.createSession(ProtocolHandshake.java:74)
  org.openqa.selenium.remote.HttpCommandExecutor.execute(HttpCommandExecutor.java:136)
  org.openqa.selenium.remote.service.DriverCommandExecutor.execute(DriverCommandExecutor.java:83)
  org.openqa.selenium.remote.RemoteWebDriver.execute(RemoteWebDriver.java:552)
  org.openqa.selenium.remote.RemoteWebDriver.startSession(RemoteWebDriver.java:213)
  org.openqa.selenium.remote.RemoteWebDriver.<init>(RemoteWebDriver.java:131)
  org.openqa.selenium.firefox.FirefoxDriver.<init>(FirefoxDriver.java:147)
  org.openqa.selenium.firefox.FirefoxDriver.<init>(FirefoxDriver.java:125)
  com.webtest.core.BaseTest.newWebDriver(Unknown Source)
  com.webtest.core.BaseTest.doBeforeClass(Unknown Source)
  sun.reflect.NativeMethodAccessorImpl.invoke0(Native Method)
  sun.reflect.NativeMethodAccessorImpl.invoke(Unknown Source)
  sun.reflect.DelegatingMethodAccessorImpl.invoke(Unknown Source)
  java.lang.reflect.Method.invoke(Unknown Source)
  org.testng.internal.MethodInvocationHelper.invokeMethod(MethodInvocationHelper.java:132)
  org.testng.internal.MethodInvocationHelper.invokeMethodConsideringTimeout(MethodInvocationHelper.java:61)
  org.testng.internal.ConfigInvoker.invokeConfigurationMethod(ConfigInvoker.java:366)
  org.testng.internal.ConfigInvoker.invokeConfigurations(ConfigInvoker.java:320)
  org.testng.internal.TestMethodWorker.invokeBeforeClassMethods(TestMethodWorker.java:176)
  org.testng.internal.TestMethodWorker.run(TestMethodWorker.java:122)
  java.util.ArrayList.forEach(Unknown Source)
  org.testng.TestRunner.privateRun(TestRunner.java:764)
  org.testng.TestRunner.run(TestRunner.java:585)
  org.testng.SuiteRunner.runTest(SuiteRunner.java:384)
  org.testng.SuiteRunner.runSequentially(SuiteRunner.java:378)
  org.testng.SuiteRunner.privateRun(SuiteRunner.java:337)
  org.testng.SuiteRunner.run(SuiteRunner.java:286)
  org.testng.SuiteRunnerWorker.runSuite(SuiteRunnerWorker.java:53)
  org.testng.SuiteRunnerWorker.run(SuiteRunnerWorker.java:96)
  org.testng.TestNG.runSuitesSequentially(TestNG.java:1218)
  org.testng.TestNG.runSuitesLocally(TestNG.java:1140)
  org.testng.TestNG.runSuites(TestNG.java:1069)
  org.testng.TestNG.run(TestNG.java:1037)
  org.testng.TestNG.privateMain(TestNG.java:1371)
  org.testng.TestNG.main(TestNG.java:1335)
]]>
      </failure>

          </testcase>
            <testcase name="testRegisterPhone" time="0.069" classname="com.webtest.demo.TpShopTest01">
                <failure type="org.testng.internal.reflect.MethodMatcherException"
                  message="
[public void com.webtest.demo.TpShopTest01.testRegisterPhone(java.lang.String,java.lang.String,java.lang.String,java.lang.String) throws java.io.IOException,java.lang.InterruptedException] has no parameters defined but was found to be using a data provider (either explicitly specified or inherited from class level annotation).
Data provider mismatch
Method: testRegisterPhone([Parameter{index=0, type=java.lang.String, declaredAnnotations=[]}, Parameter{index=1, type=java.lang.String, declaredAnnotations=[]}, Parameter{index=2, type=java.lang.String, declaredAnnotations=[]}, Parameter{index=3, type=java.lang.String, declaredAnnotations=[]}])
Arguments: [(java.lang.String) 19832189982,(java.lang.String) 12345678123456789,(java.lang.String) 12345678123456789,(java.lang.String) 19832102222,(java.lang.String) ]"
              >
<![CDATA[org.testng.internal.reflect.MethodMatcherException: 
[public void com.webtest.demo.TpShopTest01.testRegisterPhone(java.lang.String,java.lang.String,java.lang.String,java.lang.String) throws java.io.IOException,java.lang.InterruptedException] has no parameters defined but was found to be using a data provider (either explicitly specified or inherited from class level annotation).
Data provider mismatch
Method: testRegisterPhone([Parameter{index=0, type=java.lang.String, declaredAnnotations=[]}, Parameter{index=1, type=java.lang.String, declaredAnnotations=[]}, Parameter{index=2, type=java.lang.String, declaredAnnotations=[]}, Parameter{index=3, type=java.lang.String, declaredAnnotations=[]}])
Arguments: [(java.lang.String) 19832189982,(java.lang.String) 12345678123456789,(java.lang.String) 12345678123456789,(java.lang.String) 19832102222,(java.lang.String) ]
  org.testng.internal.reflect.DataProviderMethodMatcher.getConformingArguments(DataProviderMethodMatcher.java:43)
  org.testng.internal.Parameters.injectParameters(Parameters.java:905)
  org.testng.internal.MethodRunner.runInSequence(MethodRunner.java:34)
  org.testng.internal.TestInvoker$MethodInvocationAgent.invoke(TestInvoker.java:822)
  org.testng.internal.TestInvoker.invokeTestMethods(TestInvoker.java:147)
  org.testng.internal.TestMethodWorker.invokeTestMethods(TestMethodWorker.java:146)
  org.testng.internal.TestMethodWorker.run(TestMethodWorker.java:128)
  java.util.ArrayList.forEach(Unknown Source)
  org.testng.TestRunner.privateRun(TestRunner.java:764)
  org.testng.TestRunner.run(TestRunner.java:585)
  org.testng.SuiteRunner.runTest(SuiteRunner.java:384)
  org.testng.SuiteRunner.runSequentially(SuiteRunner.java:378)
  org.testng.SuiteRunner.privateRun(SuiteRunner.java:337)
  org.testng.SuiteRunner.run(SuiteRunner.java:286)
  org.testng.SuiteRunnerWorker.runSuite(SuiteRunnerWorker.java:53)
  org.testng.SuiteRunnerWorker.run(SuiteRunnerWorker.java:96)
  org.testng.TestNG.runSuitesSequentially(TestNG.java:1218)
  org.testng.TestNG.runSuitesLocally(TestNG.java:1140)
  org.testng.TestNG.runSuites(TestNG.java:1069)
  org.testng.TestNG.run(TestNG.java:1037)
  org.testng.TestNG.privateMain(TestNG.java:1371)
  org.testng.TestNG.main(TestNG.java:1335)
]]>
      </failure>

          </testcase>
  
            <testcase name="doAfterMethod" time="0.0" classname="com.webtest.demo.TpShopTest01">
          <skipped />
    </testcase>
            <testcase name="testRegisterEmail" time="0.0" classname="com.webtest.demo.TpShopTest01">
          <skipped />
    </testcase>
            <testcase name="testRegisterPhone" time="0.0" classname="com.webtest.demo.TpShopTest01">
          <skipped />
    </testcase>
            <testcase name="testLogin" time="0.0" classname="com.webtest.demo.TpShopTest01">
          <skipped />
    </testcase>
            <testcase name="testRegisterEmail" time="0.0" classname="com.webtest.demo.TpShopTest01">
          <skipped />
    </testcase>
            <testcase name="testRegisterEmail" time="0.0" classname="com.webtest.demo.TpShopTest01">
          <skipped />
    </testcase>
            <testcase name="testRegisterEmail" time="0.0" classname="com.webtest.demo.TpShopTest01">
          <skipped />
    </testcase>
            <testcase name="testRegisterEmail" time="0.0" classname="com.webtest.demo.TpShopTest01">
          <skipped />
    </testcase>
            <testcase name="testRegisterPhone" time="0.0" classname="com.webtest.demo.TpShopTest01">
          <skipped />
    </testcase>
            <testcase name="testLogin" time="0.0" classname="com.webtest.demo.TpShopTest01">
          <skipped />
    </testcase>
            <testcase name="testRegisterPhone" time="0.0" classname="com.webtest.demo.TpShopTest01">
          <skipped />
    </testcase>
            <testcase name="testRegisterEmail" time="0.0" classname="com.webtest.demo.TpShopTest01">
          <skipped />
    </testcase>
            <testcase name="testRegisterEmail" time="0.0" classname="com.webtest.demo.TpShopTest01">
          <skipped />
    </testcase>
            <testcase name="testRegisterEmail" time="0.0" classname="com.webtest.demo.TpShopTest01">
          <skipped />
    </testcase>
  
  
</testsuite>
