<html>
<head>
<title>TestNG:  t2</title>
<link href="../testng.css" rel="stylesheet" type="text/css" />
<link href="../my-testng.css" rel="stylesheet" type="text/css" />

<style type="text/css">
.log { display: none;} 
.stack-trace { display: none;} 
</style>
<script type="text/javascript">
<!--
function flip(e) {
  current = e.style.display;
  if (current == 'block') {
    e.style.display = 'none';
    return 0;
  }
  else {
    e.style.display = 'block';
    return 1;
  }
}

function toggleBox(szDivId, elem, msg1, msg2)
{
  var res = -1;  if (document.getElementById) {
    res = flip(document.getElementById(szDivId));
  }
  else if (document.all) {
    // this is the way old msie versions work
    res = flip(document.all[szDivId]);
  }
  if(elem) {
    if(res == 0) elem.innerHTML = msg1; else elem.innerHTML = msg2;
  }

}

function toggleAllBoxes() {
  if (document.getElementsByTagName) {
    d = document.getElementsByTagName('div');
    for (i = 0; i < d.length; i++) {
      if (d[i].className == 'log') {
        flip(d[i]);
      }
    }
  }
}

// -->
</script>

</head>
<body>
<h2 align='center'>t2</h2><table border='1' align="center">
<tr>
<td>Tests passed/Failed/Skipped:</td><td>48/2/0</td>
</tr><tr>
<td>Started on:</td><td>Mon Dec 07 08:42:26 CST 2020</td>
</tr>
<tr><td>Total time:</td><td>663 seconds (663235 ms)</td>
</tr><tr>
<td>Included groups:</td><td></td>
</tr><tr>
<td>Excluded groups:</td><td></td>
</tr>
</table><p/>
<small><i>(Hover the method name to see the test class name)</i></small><p/>
<table width='100%' border='1' class='invocation-failed'>
<tr><td colspan='4' align='center'><b>FAILED TESTS</b></td></tr>
<tr><td><b>Test method</b></td>
<td width="30%"><b>Exception</b></td>
<td width="10%"><b>Time (seconds)</b></td>
<td><b>Instance</b></td>
</tr>
<tr>
<td title='com.webtest.demo.CxjTest.test31()'><b>test31</b><br>Test class: com.webtest.demo.CxjTest</td>
<td><div><pre>org.openqa.selenium.ElementNotInteractableException: Element &lt;a class=&quot;layui-layer-ico layui-layer-max&quot; href=&quot;javascript:;&quot;&gt; could not be scrolled into view
Build info: version: &apos;3.141.59&apos;, revision: &apos;e82be7d358&apos;, time: &apos;2018-11-14T08:25:53&apos;
System info: host: &apos;CJ&apos;, ip: &apos;10.7.86.6&apos;, os.name: &apos;Windows 10&apos;, os.arch: &apos;amd64&apos;, os.version: &apos;10.0&apos;, java.version: &apos;1.8.0_212&apos;
Driver info: org.openqa.selenium.firefox.FirefoxDriver
Capabilities {acceptInsecureCerts: true, browserName: firefox, browserVersion: 73.0.1, javascriptEnabled: true, moz:accessibilityChecks: false, moz:buildID: 20200217142647, moz:geckodriverVersion: 0.24.0, moz:headless: false, moz:processID: 9964, moz:profile: C:\Users\lenovo\AppData\Loc..., moz:shutdownTimeout: 60000, moz:useNonSpecCompliantPointerOrigin: false, moz:webdriverClick: true, pageLoadStrategy: normal, platform: WINDOWS, platformName: WINDOWS, platformVersion: 10.0, rotatable: false, setWindowRect: true, strictFileInteractability: false, timeouts: {implicit: 0, pageLoad: 300000, script: 30000}, unhandledPromptBehavior: dismiss and notify}
Session ID: adea4afb-1e31-4e93-8e45-e7247d95f59f
	at org.openqa.selenium.remote.http.W3CHttpResponseCodec.createException(W3CHttpResponseCodec.java:187)
	at org.openqa.selenium.remote.http.W3CHttpResponseCodec.decode(W3CHttpResponseCodec.java:122)
	at org.openqa.selenium.remote.http.W3CHttpResponseCodec.decode(W3CHttpResponseCodec.java:49)
	at org.openqa.selenium.remote.HttpCommandExecutor.execute(HttpCommandExecutor.java:158)
	at org.openqa.selenium.remote.service.DriverCommandExecutor.execute(DriverCommandExecutor.java:83)
	at org.openqa.selenium.remote.RemoteWebDriver.execute(RemoteWebDriver.java:552)
	at org.openqa.selenium.remote.RemoteWebElement.execute(RemoteWebElement.java:285)
	at org.openqa.selenium.remote.RemoteWebElement.click(RemoteWebElement.java:84)
	at com.webtest.core.WebDriverEngine.click(Unknown Source)
	at com.webtest.demo.CxjTest.test31(Unknown Source)
	at java.util.ArrayList.forEach(ArrayList.java:1257)
... Removed 30 stack frames</pre></div><a href='#' onClick='toggleBox("stack-trace361668462", this, "Click to show all stack frames", "Click to hide stack frames")'>Click to show all stack frames</a>
<div class='stack-trace' id='stack-trace361668462'><pre>org.openqa.selenium.ElementNotInteractableException: Element &lt;a class=&quot;layui-layer-ico layui-layer-max&quot; href=&quot;javascript:;&quot;&gt; could not be scrolled into view
Build info: version: &apos;3.141.59&apos;, revision: &apos;e82be7d358&apos;, time: &apos;2018-11-14T08:25:53&apos;
System info: host: &apos;CJ&apos;, ip: &apos;10.7.86.6&apos;, os.name: &apos;Windows 10&apos;, os.arch: &apos;amd64&apos;, os.version: &apos;10.0&apos;, java.version: &apos;1.8.0_212&apos;
Driver info: org.openqa.selenium.firefox.FirefoxDriver
Capabilities {acceptInsecureCerts: true, browserName: firefox, browserVersion: 73.0.1, javascriptEnabled: true, moz:accessibilityChecks: false, moz:buildID: 20200217142647, moz:geckodriverVersion: 0.24.0, moz:headless: false, moz:processID: 9964, moz:profile: C:\Users\lenovo\AppData\Loc..., moz:shutdownTimeout: 60000, moz:useNonSpecCompliantPointerOrigin: false, moz:webdriverClick: true, pageLoadStrategy: normal, platform: WINDOWS, platformName: WINDOWS, platformVersion: 10.0, rotatable: false, setWindowRect: true, strictFileInteractability: false, timeouts: {implicit: 0, pageLoad: 300000, script: 30000}, unhandledPromptBehavior: dismiss and notify}
Session ID: adea4afb-1e31-4e93-8e45-e7247d95f59f
	at sun.reflect.NativeConstructorAccessorImpl.newInstance0(Native Method)
	at sun.reflect.NativeConstructorAccessorImpl.newInstance(NativeConstructorAccessorImpl.java:62)
	at sun.reflect.DelegatingConstructorAccessorImpl.newInstance(DelegatingConstructorAccessorImpl.java:45)
	at java.lang.reflect.Constructor.newInstance(Constructor.java:423)
	at org.openqa.selenium.remote.http.W3CHttpResponseCodec.createException(W3CHttpResponseCodec.java:187)
	at org.openqa.selenium.remote.http.W3CHttpResponseCodec.decode(W3CHttpResponseCodec.java:122)
	at org.openqa.selenium.remote.http.W3CHttpResponseCodec.decode(W3CHttpResponseCodec.java:49)
	at org.openqa.selenium.remote.HttpCommandExecutor.execute(HttpCommandExecutor.java:158)
	at org.openqa.selenium.remote.service.DriverCommandExecutor.execute(DriverCommandExecutor.java:83)
	at org.openqa.selenium.remote.RemoteWebDriver.execute(RemoteWebDriver.java:552)
	at org.openqa.selenium.remote.RemoteWebElement.execute(RemoteWebElement.java:285)
	at org.openqa.selenium.remote.RemoteWebElement.click(RemoteWebElement.java:84)
	at com.webtest.core.WebDriverEngine.click(Unknown Source)
	at com.webtest.demo.CxjTest.test31(Unknown Source)
	at sun.reflect.NativeMethodAccessorImpl.invoke0(Native Method)
	at sun.reflect.NativeMethodAccessorImpl.invoke(NativeMethodAccessorImpl.java:62)
	at sun.reflect.DelegatingMethodAccessorImpl.invoke(DelegatingMethodAccessorImpl.java:43)
	at java.lang.reflect.Method.invoke(Method.java:498)
	at org.testng.internal.MethodInvocationHelper.invokeMethod(MethodInvocationHelper.java:134)
	at org.testng.internal.TestInvoker.invokeMethod(TestInvoker.java:597)
	at org.testng.internal.TestInvoker.invokeTestMethod(TestInvoker.java:173)
	at org.testng.internal.MethodRunner.runInSequence(MethodRunner.java:46)
	at org.testng.internal.TestInvoker$MethodInvocationAgent.invoke(TestInvoker.java:816)
	at org.testng.internal.TestInvoker.invokeTestMethods(TestInvoker.java:146)
	at org.testng.internal.TestMethodWorker.invokeTestMethods(TestMethodWorker.java:146)
	at org.testng.internal.TestMethodWorker.run(TestMethodWorker.java:128)
	at java.util.ArrayList.forEach(ArrayList.java:1257)
	at org.testng.TestRunner.privateRun(TestRunner.java:766)
	at org.testng.TestRunner.run(TestRunner.java:587)
	at org.testng.SuiteRunner.runTest(SuiteRunner.java:384)
	at org.testng.SuiteRunner.runSequentially(SuiteRunner.java:378)
	at org.testng.SuiteRunner.privateRun(SuiteRunner.java:337)
	at org.testng.SuiteRunner.run(SuiteRunner.java:286)
	at org.testng.SuiteRunnerWorker.runSuite(SuiteRunnerWorker.java:53)
	at org.testng.SuiteRunnerWorker.run(SuiteRunnerWorker.java:96)
	at org.testng.TestNG.runSuitesSequentially(TestNG.java:1187)
	at org.testng.TestNG.runSuitesLocally(TestNG.java:1109)
	at org.testng.TestNG.runSuites(TestNG.java:1039)
	at org.testng.TestNG.run(TestNG.java:1007)
	at org.testng.TestNG.privateMain(TestNG.java:1336)
	at org.testng.TestNG.main(TestNG.java:1304)
</pre></div></td>
<td>0</td>
<td>com.webtest.demo.CxjTest@a67c67e</td></tr>
<tr>
<td title='com.webtest.demo.CxjTest.test33()'><b>test33</b><br>Test class: com.webtest.demo.CxjTest</td>
<td><div><pre>org.openqa.selenium.ElementNotInteractableException: Element &lt;a class=&quot;layui-layer-ico layui-layer-close layui-layer-close1&quot; href=&quot;javascript:;&quot;&gt; could not be scrolled into view
Build info: version: &apos;3.141.59&apos;, revision: &apos;e82be7d358&apos;, time: &apos;2018-11-14T08:25:53&apos;
System info: host: &apos;CJ&apos;, ip: &apos;10.7.86.6&apos;, os.name: &apos;Windows 10&apos;, os.arch: &apos;amd64&apos;, os.version: &apos;10.0&apos;, java.version: &apos;1.8.0_212&apos;
Driver info: org.openqa.selenium.firefox.FirefoxDriver
Capabilities {acceptInsecureCerts: true, browserName: firefox, browserVersion: 73.0.1, javascriptEnabled: true, moz:accessibilityChecks: false, moz:buildID: 20200217142647, moz:geckodriverVersion: 0.24.0, moz:headless: false, moz:processID: 9964, moz:profile: C:\Users\lenovo\AppData\Loc..., moz:shutdownTimeout: 60000, moz:useNonSpecCompliantPointerOrigin: false, moz:webdriverClick: true, pageLoadStrategy: normal, platform: WINDOWS, platformName: WINDOWS, platformVersion: 10.0, rotatable: false, setWindowRect: true, strictFileInteractability: false, timeouts: {implicit: 0, pageLoad: 300000, script: 30000}, unhandledPromptBehavior: dismiss and notify}
Session ID: adea4afb-1e31-4e93-8e45-e7247d95f59f
	at org.openqa.selenium.remote.http.W3CHttpResponseCodec.createException(W3CHttpResponseCodec.java:187)
	at org.openqa.selenium.remote.http.W3CHttpResponseCodec.decode(W3CHttpResponseCodec.java:122)
	at org.openqa.selenium.remote.http.W3CHttpResponseCodec.decode(W3CHttpResponseCodec.java:49)
	at org.openqa.selenium.remote.HttpCommandExecutor.execute(HttpCommandExecutor.java:158)
	at org.openqa.selenium.remote.service.DriverCommandExecutor.execute(DriverCommandExecutor.java:83)
	at org.openqa.selenium.remote.RemoteWebDriver.execute(RemoteWebDriver.java:552)
	at org.openqa.selenium.remote.RemoteWebElement.execute(RemoteWebElement.java:285)
	at org.openqa.selenium.remote.RemoteWebElement.click(RemoteWebElement.java:84)
	at com.webtest.core.WebDriverEngine.click(Unknown Source)
	at com.webtest.demo.CxjTest.test33(Unknown Source)
	at java.util.ArrayList.forEach(ArrayList.java:1257)
... Removed 30 stack frames</pre></div><a href='#' onClick='toggleBox("stack-trace1626149608", this, "Click to show all stack frames", "Click to hide stack frames")'>Click to show all stack frames</a>
<div class='stack-trace' id='stack-trace1626149608'><pre>org.openqa.selenium.ElementNotInteractableException: Element &lt;a class=&quot;layui-layer-ico layui-layer-close layui-layer-close1&quot; href=&quot;javascript:;&quot;&gt; could not be scrolled into view
Build info: version: &apos;3.141.59&apos;, revision: &apos;e82be7d358&apos;, time: &apos;2018-11-14T08:25:53&apos;
System info: host: &apos;CJ&apos;, ip: &apos;10.7.86.6&apos;, os.name: &apos;Windows 10&apos;, os.arch: &apos;amd64&apos;, os.version: &apos;10.0&apos;, java.version: &apos;1.8.0_212&apos;
Driver info: org.openqa.selenium.firefox.FirefoxDriver
Capabilities {acceptInsecureCerts: true, browserName: firefox, browserVersion: 73.0.1, javascriptEnabled: true, moz:accessibilityChecks: false, moz:buildID: 20200217142647, moz:geckodriverVersion: 0.24.0, moz:headless: false, moz:processID: 9964, moz:profile: C:\Users\lenovo\AppData\Loc..., moz:shutdownTimeout: 60000, moz:useNonSpecCompliantPointerOrigin: false, moz:webdriverClick: true, pageLoadStrategy: normal, platform: WINDOWS, platformName: WINDOWS, platformVersion: 10.0, rotatable: false, setWindowRect: true, strictFileInteractability: false, timeouts: {implicit: 0, pageLoad: 300000, script: 30000}, unhandledPromptBehavior: dismiss and notify}
Session ID: adea4afb-1e31-4e93-8e45-e7247d95f59f
	at sun.reflect.NativeConstructorAccessorImpl.newInstance0(Native Method)
	at sun.reflect.NativeConstructorAccessorImpl.newInstance(NativeConstructorAccessorImpl.java:62)
	at sun.reflect.DelegatingConstructorAccessorImpl.newInstance(DelegatingConstructorAccessorImpl.java:45)
	at java.lang.reflect.Constructor.newInstance(Constructor.java:423)
	at org.openqa.selenium.remote.http.W3CHttpResponseCodec.createException(W3CHttpResponseCodec.java:187)
	at org.openqa.selenium.remote.http.W3CHttpResponseCodec.decode(W3CHttpResponseCodec.java:122)
	at org.openqa.selenium.remote.http.W3CHttpResponseCodec.decode(W3CHttpResponseCodec.java:49)
	at org.openqa.selenium.remote.HttpCommandExecutor.execute(HttpCommandExecutor.java:158)
	at org.openqa.selenium.remote.service.DriverCommandExecutor.execute(DriverCommandExecutor.java:83)
	at org.openqa.selenium.remote.RemoteWebDriver.execute(RemoteWebDriver.java:552)
	at org.openqa.selenium.remote.RemoteWebElement.execute(RemoteWebElement.java:285)
	at org.openqa.selenium.remote.RemoteWebElement.click(RemoteWebElement.java:84)
	at com.webtest.core.WebDriverEngine.click(Unknown Source)
	at com.webtest.demo.CxjTest.test33(Unknown Source)
	at sun.reflect.NativeMethodAccessorImpl.invoke0(Native Method)
	at sun.reflect.NativeMethodAccessorImpl.invoke(NativeMethodAccessorImpl.java:62)
	at sun.reflect.DelegatingMethodAccessorImpl.invoke(DelegatingMethodAccessorImpl.java:43)
	at java.lang.reflect.Method.invoke(Method.java:498)
	at org.testng.internal.MethodInvocationHelper.invokeMethod(MethodInvocationHelper.java:134)
	at org.testng.internal.TestInvoker.invokeMethod(TestInvoker.java:597)
	at org.testng.internal.TestInvoker.invokeTestMethod(TestInvoker.java:173)
	at org.testng.internal.MethodRunner.runInSequence(MethodRunner.java:46)
	at org.testng.internal.TestInvoker$MethodInvocationAgent.invoke(TestInvoker.java:816)
	at org.testng.internal.TestInvoker.invokeTestMethods(TestInvoker.java:146)
	at org.testng.internal.TestMethodWorker.invokeTestMethods(TestMethodWorker.java:146)
	at org.testng.internal.TestMethodWorker.run(TestMethodWorker.java:128)
	at java.util.ArrayList.forEach(ArrayList.java:1257)
	at org.testng.TestRunner.privateRun(TestRunner.java:766)
	at org.testng.TestRunner.run(TestRunner.java:587)
	at org.testng.SuiteRunner.runTest(SuiteRunner.java:384)
	at org.testng.SuiteRunner.runSequentially(SuiteRunner.java:378)
	at org.testng.SuiteRunner.privateRun(SuiteRunner.java:337)
	at org.testng.SuiteRunner.run(SuiteRunner.java:286)
	at org.testng.SuiteRunnerWorker.runSuite(SuiteRunnerWorker.java:53)
	at org.testng.SuiteRunnerWorker.run(SuiteRunnerWorker.java:96)
	at org.testng.TestNG.runSuitesSequentially(TestNG.java:1187)
	at org.testng.TestNG.runSuitesLocally(TestNG.java:1109)
	at org.testng.TestNG.runSuites(TestNG.java:1039)
	at org.testng.TestNG.run(TestNG.java:1007)
	at org.testng.TestNG.privateMain(TestNG.java:1336)
	at org.testng.TestNG.main(TestNG.java:1304)
</pre></div></td>
<td>0</td>
<td>com.webtest.demo.CxjTest@a67c67e</td></tr>
</table><p>
<table width='100%' border='1' class='invocation-passed'>
<tr><td colspan='4' align='center'><b>PASSED TESTS</b></td></tr>
<tr><td><b>Test method</b></td>
<td width="30%"><b>Exception</b></td>
<td width="10%"><b>Time (seconds)</b></td>
<td><b>Instance</b></td>
</tr>
<tr>
<td title='com.webtest.demo.CxjTest.test1()'><b>test1</b><br>Test class: com.webtest.demo.CxjTest<br>Parameters: admin, 123456</td>
<td></td>
<td>47</td>
<td>com.webtest.demo.CxjTest@a67c67e</td></tr>
<tr>
<td title='com.webtest.demo.CxjTest.test10()'><b>test10</b><br>Test class: com.webtest.demo.CxjTest</td>
<td></td>
<td>19</td>
<td>com.webtest.demo.CxjTest@a67c67e</td></tr>
<tr>
<td title='com.webtest.demo.CxjTest.test11()'><b>test11</b><br>Test class: com.webtest.demo.CxjTest</td>
<td></td>
<td>9</td>
<td>com.webtest.demo.CxjTest@a67c67e</td></tr>
<tr>
<td title='com.webtest.demo.CxjTest.test12()'><b>test12</b><br>Test class: com.webtest.demo.CxjTest</td>
<td></td>
<td>6</td>
<td>com.webtest.demo.CxjTest@a67c67e</td></tr>
<tr>
<td title='com.webtest.demo.CxjTest.test13()'><b>test13</b><br>Test class: com.webtest.demo.CxjTest</td>
<td></td>
<td>6</td>
<td>com.webtest.demo.CxjTest@a67c67e</td></tr>
<tr>
<td title='com.webtest.demo.CxjTest.test14()'><b>test14</b><br>Test class: com.webtest.demo.CxjTest</td>
<td></td>
<td>6</td>
<td>com.webtest.demo.CxjTest@a67c67e</td></tr>
<tr>
<td title='com.webtest.demo.CxjTest.test15()'><b>test15</b><br>Test class: com.webtest.demo.CxjTest</td>
<td></td>
<td>6</td>
<td>com.webtest.demo.CxjTest@a67c67e</td></tr>
<tr>
<td title='com.webtest.demo.CxjTest.test16()'><b>test16</b><br>Test class: com.webtest.demo.CxjTest</td>
<td></td>
<td>6</td>
<td>com.webtest.demo.CxjTest@a67c67e</td></tr>
<tr>
<td title='com.webtest.demo.CxjTest.test17()'><b>test17</b><br>Test class: com.webtest.demo.CxjTest</td>
<td></td>
<td>6</td>
<td>com.webtest.demo.CxjTest@a67c67e</td></tr>
<tr>
<td title='com.webtest.demo.CxjTest.test18()'><b>test18</b><br>Test class: com.webtest.demo.CxjTest</td>
<td></td>
<td>28</td>
<td>com.webtest.demo.CxjTest@a67c67e</td></tr>
<tr>
<td title='com.webtest.demo.CxjTest.test19()'><b>test19</b><br>Test class: com.webtest.demo.CxjTest</td>
<td></td>
<td>6</td>
<td>com.webtest.demo.CxjTest@a67c67e</td></tr>
<tr>
<td title='com.webtest.demo.CxjTest.test2()'><b>test2</b><br>Test class: com.webtest.demo.CxjTest</td>
<td></td>
<td>35</td>
<td>com.webtest.demo.CxjTest@a67c67e</td></tr>
<tr>
<td title='com.webtest.demo.CxjTest.test20()'><b>test20</b><br>Test class: com.webtest.demo.CxjTest</td>
<td></td>
<td>6</td>
<td>com.webtest.demo.CxjTest@a67c67e</td></tr>
<tr>
<td title='com.webtest.demo.CxjTest.test21()'><b>test21</b><br>Test class: com.webtest.demo.CxjTest</td>
<td></td>
<td>12</td>
<td>com.webtest.demo.CxjTest@a67c67e</td></tr>
<tr>
<td title='com.webtest.demo.CxjTest.test22()'><b>test22</b><br>Test class: com.webtest.demo.CxjTest</td>
<td></td>
<td>9</td>
<td>com.webtest.demo.CxjTest@a67c67e</td></tr>
<tr>
<td title='com.webtest.demo.CxjTest.test23()'><b>test23</b><br>Test class: com.webtest.demo.CxjTest</td>
<td></td>
<td>6</td>
<td>com.webtest.demo.CxjTest@a67c67e</td></tr>
<tr>
<td title='com.webtest.demo.CxjTest.test24()'><b>test24</b><br>Test class: com.webtest.demo.CxjTest</td>
<td></td>
<td>3</td>
<td>com.webtest.demo.CxjTest@a67c67e</td></tr>
<tr>
<td title='com.webtest.demo.CxjTest.test25()'><b>test25</b><br>Test class: com.webtest.demo.CxjTest</td>
<td></td>
<td>12</td>
<td>com.webtest.demo.CxjTest@a67c67e</td></tr>
<tr>
<td title='com.webtest.demo.CxjTest.test26()'><b>test26</b><br>Test class: com.webtest.demo.CxjTest</td>
<td></td>
<td>47</td>
<td>com.webtest.demo.CxjTest@a67c67e</td></tr>
<tr>
<td title='com.webtest.demo.CxjTest.test27()'><b>test27</b><br>Test class: com.webtest.demo.CxjTest</td>
<td></td>
<td>41</td>
<td>com.webtest.demo.CxjTest@a67c67e</td></tr>
<tr>
<td title='com.webtest.demo.CxjTest.test28()'><b>test28</b><br>Test class: com.webtest.demo.CxjTest</td>
<td></td>
<td>7</td>
<td>com.webtest.demo.CxjTest@a67c67e</td></tr>
<tr>
<td title='com.webtest.demo.CxjTest.test29()'><b>test29</b><br>Test class: com.webtest.demo.CxjTest</td>
<td></td>
<td>21</td>
<td>com.webtest.demo.CxjTest@a67c67e</td></tr>
<tr>
<td title='com.webtest.demo.CxjTest.test3()'><b>test3</b><br>Test class: com.webtest.demo.CxjTest</td>
<td></td>
<td>28</td>
<td>com.webtest.demo.CxjTest@a67c67e</td></tr>
<tr>
<td title='com.webtest.demo.CxjTest.test30()'><b>test30</b><br>Test class: com.webtest.demo.CxjTest</td>
<td></td>
<td>5</td>
<td>com.webtest.demo.CxjTest@a67c67e</td></tr>
<tr>
<td title='com.webtest.demo.CxjTest.test32()'><b>test32</b><br>Test class: com.webtest.demo.CxjTest</td>
<td></td>
<td>2</td>
<td>com.webtest.demo.CxjTest@a67c67e</td></tr>
<tr>
<td title='com.webtest.demo.CxjTest.test34()'><b>test34</b><br>Test class: com.webtest.demo.CxjTest</td>
<td></td>
<td>12</td>
<td>com.webtest.demo.CxjTest@a67c67e</td></tr>
<tr>
<td title='com.webtest.demo.CxjTest.test35()'><b>test35</b><br>Test class: com.webtest.demo.CxjTest</td>
<td></td>
<td>13</td>
<td>com.webtest.demo.CxjTest@a67c67e</td></tr>
<tr>
<td title='com.webtest.demo.CxjTest.test36()'><b>test36</b><br>Test class: com.webtest.demo.CxjTest</td>
<td></td>
<td>6</td>
<td>com.webtest.demo.CxjTest@a67c67e</td></tr>
<tr>
<td title='com.webtest.demo.CxjTest.test37()'><b>test37</b><br>Test class: com.webtest.demo.CxjTest</td>
<td></td>
<td>9</td>
<td>com.webtest.demo.CxjTest@a67c67e</td></tr>
<tr>
<td title='com.webtest.demo.CxjTest.test38()'><b>test38</b><br>Test class: com.webtest.demo.CxjTest</td>
<td></td>
<td>6</td>
<td>com.webtest.demo.CxjTest@a67c67e</td></tr>
<tr>
<td title='com.webtest.demo.CxjTest.test39()'><b>test39</b><br>Test class: com.webtest.demo.CxjTest</td>
<td></td>
<td>18</td>
<td>com.webtest.demo.CxjTest@a67c67e</td></tr>
<tr>
<td title='com.webtest.demo.CxjTest.test4()'><b>test4</b><br>Test class: com.webtest.demo.CxjTest</td>
<td></td>
<td>28</td>
<td>com.webtest.demo.CxjTest@a67c67e</td></tr>
<tr>
<td title='com.webtest.demo.CxjTest.test40()'><b>test40</b><br>Test class: com.webtest.demo.CxjTest</td>
<td></td>
<td>9</td>
<td>com.webtest.demo.CxjTest@a67c67e</td></tr>
<tr>
<td title='com.webtest.demo.CxjTest.test41()'><b>test41</b><br>Test class: com.webtest.demo.CxjTest</td>
<td></td>
<td>6</td>
<td>com.webtest.demo.CxjTest@a67c67e</td></tr>
<tr>
<td title='com.webtest.demo.CxjTest.test42()'><b>test42</b><br>Test class: com.webtest.demo.CxjTest</td>
<td></td>
<td>6</td>
<td>com.webtest.demo.CxjTest@a67c67e</td></tr>
<tr>
<td title='com.webtest.demo.CxjTest.test43()'><b>test43</b><br>Test class: com.webtest.demo.CxjTest</td>
<td></td>
<td>14</td>
<td>com.webtest.demo.CxjTest@a67c67e</td></tr>
<tr>
<td title='com.webtest.demo.CxjTest.test44()'><b>test44</b><br>Test class: com.webtest.demo.CxjTest</td>
<td></td>
<td>14</td>
<td>com.webtest.demo.CxjTest@a67c67e</td></tr>
<tr>
<td title='com.webtest.demo.CxjTest.test45()'><b>test45</b><br>Test class: com.webtest.demo.CxjTest</td>
<td></td>
<td>11</td>
<td>com.webtest.demo.CxjTest@a67c67e</td></tr>
<tr>
<td title='com.webtest.demo.CxjTest.test46()'><b>test46</b><br>Test class: com.webtest.demo.CxjTest</td>
<td></td>
<td>16</td>
<td>com.webtest.demo.CxjTest@a67c67e</td></tr>
<tr>
<td title='com.webtest.demo.CxjTest.test47()'><b>test47</b><br>Test class: com.webtest.demo.CxjTest</td>
<td></td>
<td>3</td>
<td>com.webtest.demo.CxjTest@a67c67e</td></tr>
<tr>
<td title='com.webtest.demo.CxjTest.test48()'><b>test48</b><br>Test class: com.webtest.demo.CxjTest</td>
<td></td>
<td>4</td>
<td>com.webtest.demo.CxjTest@a67c67e</td></tr>
<tr>
<td title='com.webtest.demo.CxjTest.test49()'><b>test49</b><br>Test class: com.webtest.demo.CxjTest</td>
<td></td>
<td>6</td>
<td>com.webtest.demo.CxjTest@a67c67e</td></tr>
<tr>
<td title='com.webtest.demo.CxjTest.test5()'><b>test5</b><br>Test class: com.webtest.demo.CxjTest</td>
<td></td>
<td>9</td>
<td>com.webtest.demo.CxjTest@a67c67e</td></tr>
<tr>
<td title='com.webtest.demo.CxjTest.test50()'><b>test50</b><br>Test class: com.webtest.demo.CxjTest</td>
<td></td>
<td>3</td>
<td>com.webtest.demo.CxjTest@a67c67e</td></tr>
<tr>
<td title='com.webtest.demo.CxjTest.test6()'><b>test6</b><br>Test class: com.webtest.demo.CxjTest</td>
<td></td>
<td>12</td>
<td>com.webtest.demo.CxjTest@a67c67e</td></tr>
<tr>
<td title='com.webtest.demo.CxjTest.test7()'><b>test7</b><br>Test class: com.webtest.demo.CxjTest</td>
<td></td>
<td>9</td>
<td>com.webtest.demo.CxjTest@a67c67e</td></tr>
<tr>
<td title='com.webtest.demo.CxjTest.test8()'><b>test8</b><br>Test class: com.webtest.demo.CxjTest</td>
<td></td>
<td>31</td>
<td>com.webtest.demo.CxjTest@a67c67e</td></tr>
<tr>
<td title='com.webtest.demo.CxjTest.test9()'><b>test9</b><br>Test class: com.webtest.demo.CxjTest</td>
<td></td>
<td>9</td>
<td>com.webtest.demo.CxjTest@a67c67e</td></tr>
</table><p>
</body>
</html>