<?xml version="1.0" encoding="UTF-8"?>
<!-- Generated by org.testng.reporters.JUnitXMLReporter -->
<testsuite hostname="CJ" ignored="0" name="t2" tests="50" failures="2" timestamp="2020-12-07T08:53:30 CST" time="663.235" errors="0">
  <testcase name="test1" time="47.239" classname="com.webtest.demo.CxjTest"/>
  <testcase name="test2" time="35.03" classname="com.webtest.demo.CxjTest"/>
  <testcase name="test3" time="28.477" classname="com.webtest.demo.CxjTest"/>
  <testcase name="test4" time="28.734" classname="com.webtest.demo.CxjTest"/>
  <testcase name="test5" time="9.643" classname="com.webtest.demo.CxjTest"/>
  <testcase name="test6" time="12.786" classname="com.webtest.demo.CxjTest"/>
  <testcase name="test7" time="9.585" classname="com.webtest.demo.CxjTest"/>
  <testcase name="test8" time="31.405" classname="com.webtest.demo.CxjTest"/>
  <testcase name="test9" time="9.508" classname="com.webtest.demo.CxjTest"/>
  <testcase name="test10" time="19.287" classname="com.webtest.demo.CxjTest"/>
  <testcase name="test11" time="9.612" classname="com.webtest.demo.CxjTest"/>
  <testcase name="test12" time="6.254" classname="com.webtest.demo.CxjTest"/>
  <testcase name="test13" time="6.248" classname="com.webtest.demo.CxjTest"/>
  <testcase name="test14" time="6.272" classname="com.webtest.demo.CxjTest"/>
  <testcase name="test15" time="6.317" classname="com.webtest.demo.CxjTest"/>
  <testcase name="test16" time="6.27" classname="com.webtest.demo.CxjTest"/>
  <testcase name="test17" time="6.283" classname="com.webtest.demo.CxjTest"/>
  <testcase name="test18" time="28.647" classname="com.webtest.demo.CxjTest"/>
  <testcase name="test19" time="6.561" classname="com.webtest.demo.CxjTest"/>
  <testcase name="test20" time="6.537" classname="com.webtest.demo.CxjTest"/>
  <testcase name="test21" time="12.801" classname="com.webtest.demo.CxjTest"/>
  <testcase name="test22" time="9.52" classname="com.webtest.demo.CxjTest"/>
  <testcase name="test23" time="6.268" classname="com.webtest.demo.CxjTest"/>
  <testcase name="test24" time="3.235" classname="com.webtest.demo.CxjTest"/>
  <testcase name="test25" time="12.862" classname="com.webtest.demo.CxjTest"/>
  <testcase name="test26" time="47.705" classname="com.webtest.demo.CxjTest"/>
  <testcase name="test27" time="41.352" classname="com.webtest.demo.CxjTest"/>
  <testcase name="test28" time="7.48" classname="com.webtest.demo.CxjTest"/>
  <testcase name="test29" time="21.19" classname="com.webtest.demo.CxjTest"/>
  <testcase name="test30" time="5.256" classname="com.webtest.demo.CxjTest"/>
  <testcase name="test31" time="0.028" classname="com.webtest.demo.CxjTest">
    <failure type="org.openqa.selenium.ElementNotInteractableException" message="Element &amp;lt;a class=&amp;quot;layui-layer-ico layui-layer-max&amp;quot; href=&amp;quot;javascript:;&amp;quot;&amp;gt; could not be scrolled into view
Build info: version: &amp;apos;3.141.59&amp;apos;, revision: &amp;apos;e82be7d358&amp;apos;, time: &amp;apos;2018-11-14T08:25:53&amp;apos;
System info: host: &amp;apos;CJ&amp;apos;, ip: &amp;apos;10.7.86.6&amp;apos;, os.name: &amp;apos;Windows 10&amp;apos;, os.arch: &amp;apos;amd64&amp;apos;, os.version: &amp;apos;10.0&amp;apos;, java.version: &amp;apos;1.8.0_212&amp;apos;
Driver info: org.openqa.selenium.firefox.FirefoxDriver
Capabilities {acceptInsecureCerts: true, browserName: firefox, browserVersion: 73.0.1, javascriptEnabled: true, moz:accessibilityChecks: false, moz:buildID: 20200217142647, moz:geckodriverVersion: 0.24.0, moz:headless: false, moz:processID: 9964, moz:profile: C:\Users\lenovo\AppData\Loc..., moz:shutdownTimeout: 60000, moz:useNonSpecCompliantPointerOrigin: false, moz:webdriverClick: true, pageLoadStrategy: normal, platform: WINDOWS, platformName: WINDOWS, platformVersion: 10.0, rotatable: false, setWindowRect: true, strictFileInteractability: false, timeouts: {implicit: 0, pageLoad: 300000, script: 30000}, unhandledPromptBehavior: dismiss and notify}
Session ID: adea4afb-1e31-4e93-8e45-e7247d95f59f">
      <![CDATA[org.openqa.selenium.ElementNotInteractableException: Element <a class="layui-layer-ico layui-layer-max" href="javascript:;"> could not be scrolled into view
Build info: version: '3.141.59', revision: 'e82be7d358', time: '2018-11-14T08:25:53'
System info: host: 'CJ', ip: '10.7.86.6', os.name: 'Windows 10', os.arch: 'amd64', os.version: '10.0', java.version: '1.8.0_212'
Driver info: org.openqa.selenium.firefox.FirefoxDriver
Capabilities {acceptInsecureCerts: true, browserName: firefox, browserVersion: 73.0.1, javascriptEnabled: true, moz:accessibilityChecks: false, moz:buildID: 20200217142647, moz:geckodriverVersion: 0.24.0, moz:headless: false, moz:processID: 9964, moz:profile: C:\Users\lenovo\AppData\Loc..., moz:shutdownTimeout: 60000, moz:useNonSpecCompliantPointerOrigin: false, moz:webdriverClick: true, pageLoadStrategy: normal, platform: WINDOWS, platformName: WINDOWS, platformVersion: 10.0, rotatable: false, setWindowRect: true, strictFileInteractability: false, timeouts: {implicit: 0, pageLoad: 300000, script: 30000}, unhandledPromptBehavior: dismiss and notify}
Session ID: adea4afb-1e31-4e93-8e45-e7247d95f59f
at org.openqa.selenium.remote.http.W3CHttpResponseCodec.createException(W3CHttpResponseCodec.java:187)
at org.openqa.selenium.remote.http.W3CHttpResponseCodec.decode(W3CHttpResponseCodec.java:122)
at org.openqa.selenium.remote.http.W3CHttpResponseCodec.decode(W3CHttpResponseCodec.java:49)
at org.openqa.selenium.remote.HttpCommandExecutor.execute(HttpCommandExecutor.java:158)
at org.openqa.selenium.remote.service.DriverCommandExecutor.execute(DriverCommandExecutor.java:83)
at org.openqa.selenium.remote.RemoteWebDriver.execute(RemoteWebDriver.java:552)
at org.openqa.selenium.remote.RemoteWebElement.execute(RemoteWebElement.java:285)
at org.openqa.selenium.remote.RemoteWebElement.click(RemoteWebElement.java:84)
at com.webtest.core.WebDriverEngine.click(Unknown Source)
at com.webtest.demo.CxjTest.test31(Unknown Source)
at java.util.ArrayList.forEach(ArrayList.java:1257)
... Removed 30 stack frames]]>
    </failure>
  </testcase> <!-- test31 -->
  <testcase name="test32" time="2.027" classname="com.webtest.demo.CxjTest"/>
  <testcase name="test33" time="0.016" classname="com.webtest.demo.CxjTest">
    <failure type="org.openqa.selenium.ElementNotInteractableException" message="Element &amp;lt;a class=&amp;quot;layui-layer-ico layui-layer-close layui-layer-close1&amp;quot; href=&amp;quot;javascript:;&amp;quot;&amp;gt; could not be scrolled into view
Build info: version: &amp;apos;3.141.59&amp;apos;, revision: &amp;apos;e82be7d358&amp;apos;, time: &amp;apos;2018-11-14T08:25:53&amp;apos;
System info: host: &amp;apos;CJ&amp;apos;, ip: &amp;apos;10.7.86.6&amp;apos;, os.name: &amp;apos;Windows 10&amp;apos;, os.arch: &amp;apos;amd64&amp;apos;, os.version: &amp;apos;10.0&amp;apos;, java.version: &amp;apos;1.8.0_212&amp;apos;
Driver info: org.openqa.selenium.firefox.FirefoxDriver
Capabilities {acceptInsecureCerts: true, browserName: firefox, browserVersion: 73.0.1, javascriptEnabled: true, moz:accessibilityChecks: false, moz:buildID: 20200217142647, moz:geckodriverVersion: 0.24.0, moz:headless: false, moz:processID: 9964, moz:profile: C:\Users\lenovo\AppData\Loc..., moz:shutdownTimeout: 60000, moz:useNonSpecCompliantPointerOrigin: false, moz:webdriverClick: true, pageLoadStrategy: normal, platform: WINDOWS, platformName: WINDOWS, platformVersion: 10.0, rotatable: false, setWindowRect: true, strictFileInteractability: false, timeouts: {implicit: 0, pageLoad: 300000, script: 30000}, unhandledPromptBehavior: dismiss and notify}
Session ID: adea4afb-1e31-4e93-8e45-e7247d95f59f">
      <![CDATA[org.openqa.selenium.ElementNotInteractableException: Element <a class="layui-layer-ico layui-layer-close layui-layer-close1" href="javascript:;"> could not be scrolled into view
Build info: version: '3.141.59', revision: 'e82be7d358', time: '2018-11-14T08:25:53'
System info: host: 'CJ', ip: '10.7.86.6', os.name: 'Windows 10', os.arch: 'amd64', os.version: '10.0', java.version: '1.8.0_212'
Driver info: org.openqa.selenium.firefox.FirefoxDriver
Capabilities {acceptInsecureCerts: true, browserName: firefox, browserVersion: 73.0.1, javascriptEnabled: true, moz:accessibilityChecks: false, moz:buildID: 20200217142647, moz:geckodriverVersion: 0.24.0, moz:headless: false, moz:processID: 9964, moz:profile: C:\Users\lenovo\AppData\Loc..., moz:shutdownTimeout: 60000, moz:useNonSpecCompliantPointerOrigin: false, moz:webdriverClick: true, pageLoadStrategy: normal, platform: WINDOWS, platformName: WINDOWS, platformVersion: 10.0, rotatable: false, setWindowRect: true, strictFileInteractability: false, timeouts: {implicit: 0, pageLoad: 300000, script: 30000}, unhandledPromptBehavior: dismiss and notify}
Session ID: adea4afb-1e31-4e93-8e45-e7247d95f59f
at org.openqa.selenium.remote.http.W3CHttpResponseCodec.createException(W3CHttpResponseCodec.java:187)
at org.openqa.selenium.remote.http.W3CHttpResponseCodec.decode(W3CHttpResponseCodec.java:122)
at org.openqa.selenium.remote.http.W3CHttpResponseCodec.decode(W3CHttpResponseCodec.java:49)
at org.openqa.selenium.remote.HttpCommandExecutor.execute(HttpCommandExecutor.java:158)
at org.openqa.selenium.remote.service.DriverCommandExecutor.execute(DriverCommandExecutor.java:83)
at org.openqa.selenium.remote.RemoteWebDriver.execute(RemoteWebDriver.java:552)
at org.openqa.selenium.remote.RemoteWebElement.execute(RemoteWebElement.java:285)
at org.openqa.selenium.remote.RemoteWebElement.click(RemoteWebElement.java:84)
at com.webtest.core.WebDriverEngine.click(Unknown Source)
at com.webtest.demo.CxjTest.test33(Unknown Source)
at java.util.ArrayList.forEach(ArrayList.java:1257)
... Removed 30 stack frames]]>
    </failure>
  </testcase> <!-- test33 -->
  <testcase name="test34" time="12.953" classname="com.webtest.demo.CxjTest"/>
  <testcase name="test35" time="13.489" classname="com.webtest.demo.CxjTest"/>
  <testcase name="test36" time="6.52" classname="com.webtest.demo.CxjTest"/>
  <testcase name="test37" time="9.614" classname="com.webtest.demo.CxjTest"/>
  <testcase name="test38" time="6.607" classname="com.webtest.demo.CxjTest"/>
  <testcase name="test39" time="18.899" classname="com.webtest.demo.CxjTest"/>
  <testcase name="test40" time="9.594" classname="com.webtest.demo.CxjTest"/>
  <testcase name="test41" time="6.548" classname="com.webtest.demo.CxjTest"/>
  <testcase name="test42" time="6.282" classname="com.webtest.demo.CxjTest"/>
  <testcase name="test43" time="14.494" classname="com.webtest.demo.CxjTest"/>
  <testcase name="test44" time="14.675" classname="com.webtest.demo.CxjTest"/>
  <testcase name="test45" time="11.41" classname="com.webtest.demo.CxjTest"/>
  <testcase name="test46" time="16.075" classname="com.webtest.demo.CxjTest"/>
  <testcase name="test47" time="3.161" classname="com.webtest.demo.CxjTest"/>
  <testcase name="test48" time="4.121" classname="com.webtest.demo.CxjTest"/>
  <testcase name="test49" time="6.23" classname="com.webtest.demo.CxjTest"/>
  <testcase name="test50" time="3.225" classname="com.webtest.demo.CxjTest"/>
</testsuite> <!-- t2 -->
